
Analysis Description
--------------------
aBSREL (Adaptive branch-site random effects likelihood) uses an adaptive
random effects branch-site model framework to test whether each branch
has evolved under positive selection, using a procedure which infers an
optimal number of rate categories per branch.

- __Requirements__: in-frame codon alignment and a phylogenetic tree

- __Citation__: Less Is More: An Adaptive Branch-Site Random Effects Model for Efficient
Detection of Episodic Diversifying Selection (2015). Mol Biol Evol 32
(5): 1342-1353

- __Written by__: Sergei L Kosakovsky Pond, Ben Murrell, Steven Weaver and Temple iGEM /
UCSD viral evolution group

- __Contact Information__: spond@temple.edu

- __Analysis Version__: 2.1


>code –> Universal

>Loaded a multiple sequence alignment with **15** sequences, **610** codons, and **1** partitions from `/home/oakley/projects/Cypridinidae_Emission/LuciferaseTree_dNds/results/combined_codonaligned.fa`

>branches –> All


### * Selected 27 branches for testing: `Vargula_tsujii_sequenced, Maristella_chicoi_cap3, Maristella_sp_SVD_cap3, Maristella_sp_VAD_DN92476_c5_g4_i1, Node10, Maristella_sp_ODH_DN60908_c36_g8_i1, Node9, Node7, Maristella_sp_AG_DN382219_c2_g1_i4, Maristella_sp_IR_DN50846_c6_g1_i1, Node14, Node6, Maristella_sp_SVU_cap3, Node5, Node3, Photeros_morini_cap3, Photeros_annecohenae_DN96747_c10_g3_i3, Node20, Photeros_macelroyi_DN131343_c2_g2_i4, Node19, Photeros_sp_WLU_DN218316_c2_g1_i3, Node18, Node2, Kornickeria_hastingsi_cap3, Node1, Vargula_hilgendorfii_AAA30332, Cypridina_noctiluca_BAD08210`


### Obtaining branch lengths and nucleotide substitution biases under the nucleotide GTR model
* Log(L) = -10086.00, AIC-c = 20242.10 (35 estimated parameters)

### Fitting the baseline model with a single dN/dS class per branch, and no site-to-site variation. 
* Log(L) = -9487.70, AIC-c = 19112.43 (68 estimated parameters)
* Branch-level non-synonymous/synonymous rate ratio distribution has median  0.22, and 95% of the weight in  0.00 - 10000000000.00

### Determining the optimal number of rate classes per branch using a step up procedure

|              Branch               |  Length  |  Rates   |     Max. dN/dS     |    Log(L)     |     AIC-c     |Best AIC-c so far|
|-----------------------------------|----------|----------|--------------------|---------------|---------------|-----------------|
|               Node1               |   0.51   |    2     |    2.43 (36.11%)   |   -9457.30    |   19055.70    |    19055.70     |
|               Node1               |   0.51   |    3     |    3.01 (26.80%)   |   -9457.28    |   19059.73    |    19055.70     |
|              Node18               |   0.23   |    2     |    1.53 (37.71%)   |   -9438.49    |   19022.13    |    19022.13     |
|              Node18               |   0.23   |    3     |    2.14 (20.97%)   |   -9438.47    |   19026.16    |    19022.13     |
|   Cypridina_noctiluca_BAD08210    |   0.18   |    2     |    9.74 ( 6.34%)   |   -9405.69    |   18960.60    |    18960.60     |
|   Cypridina_noctiluca_BAD08210    |   0.18   |    3     |    9.91 ( 6.28%)   |   -9405.69    |   18964.67    |    18960.60     |
|    Kornickeria_hastingsi_cap3     |   0.16   |    2     |   12.58 ( 3.62%)   |   -9386.96    |   18927.21    |    18927.21     |
|    Kornickeria_hastingsi_cap3     |   0.16   |    3     |   12.83 ( 3.57%)   |   -9386.96    |   18931.27    |    18927.21     |
|   Vargula_hilgendorfii_AAA30332   |   0.11   |    2     |    0.39 (38.63%)   |   -9386.37    |   18930.09    |    18927.21     |
|               Node3               |   0.10   |    2     |    9.13 ( 5.22%)   |   -9364.50    |   18886.37    |    18886.37     |
|               Node3               |   0.10   |    3     |    9.18 ( 5.19%)   |   -9364.50    |   18890.44    |    18886.37     |
|      Maristella_sp_SVU_cap3       |   0.05   |    2     |   >1000 ( 0.38%)   |   -9358.60    |   18878.63    |    18878.63     |
|      Maristella_sp_SVU_cap3       |   0.05   |    3     |   >1000 ( 0.29%)   |   -9358.00    |   18881.50    |    18878.63     |
|     Vargula_tsujii_sequenced      |   0.04   |    2     |    0.08 (42.50%)   |   -9358.60    |   18882.70    |    18878.63     |
|      Maristella_chicoi_cap3       |   0.03   |    2     |   >1000 ( 0.99%)   |   -9334.18    |   18833.86    |    18833.86     |
|      Maristella_chicoi_cap3       |   0.03   |    3     |   >1000 ( 0.99%)   |   -9334.18    |   18837.93    |    18833.86     |
|Maristella_sp_ODH_DN60908_c36_g8...|   0.02   |    2     |    0.13 ( 0.00%)   |   -9334.17    |   18837.92    |    18833.86     |
|              Node14               |   0.02   |    2     |    9.52 ( 4.75%)   |   -9330.51    |   18830.59    |    18830.59     |
|              Node14               |   0.02   |    3     |   10.01 ( 4.56%)   |   -9330.50    |   18834.66    |    18830.59     |
|               Node5               |   0.02   |    2     |    7.31 ( 3.30%)   |   -9329.72    |   18833.08    |    18830.59     |
|Maristella_sp_VAD_DN92476_c5_g4_...|   0.02   |    2     |    0.19 (92.10%)   |   -9330.50    |   18834.66    |    18830.59     |
|               Node6               |   0.02   |    2     |   19.14 ( 2.24%)   |   -9327.92    |   18829.49    |    18829.49     |
|               Node6               |   0.02   |    3     |   18.56 ( 2.31%)   |   -9327.92    |   18833.57    |    18829.49     |
|               Node2               |   0.01   |    2     |    1.00 (59.49%)   |   -9327.57    |   18832.86    |    18829.49     |
|               Node7               |   0.01   |    2     |   10.08 ( 5.06%)   |   -9326.63    |   18831.00    |    18829.49     |
|      Maristella_sp_SVD_cap3       |   0.01   |    2     |    0.24 (49.16%)   |   -9327.92    |   18833.56    |    18829.49     |
|       Photeros_morini_cap3        |   0.01   |    2     |    1.31 (16.86%)   |   -9327.92    |   18833.57    |    18829.49     |
|Photeros_macelroyi_DN131343_c2_g...|   0.01   |    2     |   >1000 ( 0.45%)   |   -9317.25    |   18812.22    |    18812.22     |
|Photeros_macelroyi_DN131343_c2_g...|   0.01   |    3     |   >1000 ( 0.44%)   |   -9317.25    |   18816.30    |    18812.22     |
|Photeros_sp_WLU_DN218316_c2_g1_i...|   0.01   |    2     |   27.15 ( 3.55%)   |   -9315.19    |   18812.19    |    18812.19     |
|Photeros_sp_WLU_DN218316_c2_g1_i...|   0.01   |    3     |   27.73 ( 3.52%)   |   -9315.19    |   18816.27    |    18812.19     |
|               Node9               |   0.01   |    2     |   68.28 ( 0.54%)   |   -9310.38    |   18806.65    |    18806.65     |
|               Node9               |   0.01   |    3     |   70.53 ( 0.53%)   |   -9310.38    |   18810.73    |    18806.65     |
|Photeros_annecohenae_DN96747_c10...|   0.01   |    2     |    0.49 (24.77%)   |   -9310.38    |   18810.72    |    18806.65     |
|              Node19               |   0.00   |    2     |   93.23 ( 0.87%)   |   -9306.77    |   18803.52    |    18803.52     |
|              Node19               |   0.00   |    3     |   91.33 ( 0.89%)   |   -9306.77    |   18807.61    |    18803.52     |
|              Node10               |   0.00   |    2     |    0.55 (10.09%)   |   -9306.76    |   18807.58    |    18803.52     |
|              Node20               |   0.00   |    2     |    1.99 (49.50%)   |   -9306.78    |   18807.61    |    18803.52     |
|Maristella_sp_AG_DN382219_c2_g1_...|   0.00   |    2     |    0.24 ( 0.00%)   |   -9306.77    |   18807.61    |    18803.52     |
|Maristella_sp_IR_DN50846_c6_g1_i...|   0.00   |    2     |    0.00 (93.91%)   |   -9306.77    |   18807.61    |    18803.52     |

### Rate class analyses summary
*  13 branches with **2** rate classes
*  14 branches with **1** rate classes

### Improving parameter estimates of the adaptive rate class model
* Log(L) = -9271.81, AIC-c = 18733.60 (94 estimated parameters)

### Testing selected branches for selection

|              Branch               |  Rates   |     Max. dN/dS     |      Test LRT      |Uncorrected p-value |
|-----------------------------------|----------|--------------------|--------------------|--------------------|
|               Node1               |     2    |    1.25 (53.52%)   |        0.63        |       0.30516      |
|              Node18               |     2    |    1.97 (21.57%)   |        1.30        |       0.20747      |
|   Cypridina_noctiluca_BAD08210    |     2    |    5.00 ( 6.69%)   |        8.14        |       0.00599      |
|    Kornickeria_hastingsi_cap3     |     2    |    8.91 ( 3.13%)   |        3.53        |       0.06343      |
|   Vargula_hilgendorfii_AAA30332   |     1    |   0.15 (100.00%)   |        0.00        |       1.00000      |
|               Node3               |     2    |    6.11 ( 5.56%)   |       10.07        |       0.00225      |
|      Maristella_sp_SVU_cap3       |     2    |   >1000 ( 0.37%)   |        4.94        |       0.03062      |
|     Vargula_tsujii_sequenced      |     1    |   0.05 (100.00%)   |        0.00        |       1.00000      |
|      Maristella_chicoi_cap3       |     2    |   >1000 ( 0.95%)   |       32.74        |       0.00000      |
|Maristella_sp_ODH_DN60908_c36_g8...|     1    |   0.08 (100.00%)   |        0.00        |       1.00000      |
|              Node14               |     2    |    8.59 ( 4.26%)   |        3.93        |       0.05140      |
|               Node5               |     1    |   0.19 (100.00%)   |        0.00        |       1.00000      |
|Maristella_sp_VAD_DN92476_c5_g4_...|     1    |   0.15 (100.00%)   |        0.00        |       1.00000      |
|               Node6               |     2    |   22.04 ( 1.98%)   |        4.65        |       0.03558      |
|               Node2               |     1    |   1.80 (100.00%)   |        0.00        |       0.49204      |
|               Node7               |     1    |   0.43 (100.00%)   |        0.00        |       1.00000      |
|      Maristella_sp_SVD_cap3       |     1    |   0.10 (100.00%)   |        0.00        |       1.00000      |
|       Photeros_morini_cap3        |     1    |   0.77 (100.00%)   |        0.00        |       1.00000      |
|Photeros_macelroyi_DN131343_c2_g...|     2    |   >1000 ( 0.43%)   |       17.48        |       0.00005      |
|Photeros_sp_WLU_DN218316_c2_g1_i...|     2    |    0.77 (22.68%)   |        0.00        |       1.00000      |
|               Node9               |     2    |   65.24 ( 0.50%)   |        6.21        |       0.01598      |
|Photeros_annecohenae_DN96747_c10...|     1    |   0.22 (100.00%)   |        0.00        |       1.00000      |
|              Node19               |     2    |   83.23 ( 0.95%)   |        7.36        |       0.00889      |
|              Node10               |     1    |   0.20 (100.00%)   |        0.00        |       1.00000      |
|              Node20               |     1    |   1.04 (100.00%)   |       -0.00        |       0.50000      |
|Maristella_sp_AG_DN382219_c2_g1_...|     1    |   0.00 (100.00%)   |        0.00        |       1.00000      |
|Maristella_sp_IR_DN50846_c6_g1_i...|     1    |   0.00 (100.00%)   |        0.00        |       1.00000      |
----
### Adaptive branch site random effects likelihood test 
Likelihood ratio test for episodic diversifying positive selection at Holm-Bonferroni corrected _p =   0.0500_ found **2** branches under selection among **27** tested.

* Maristella_chicoi_cap3, p-value =  0.00000
* Photeros_macelroyi_DN131343_c2_g2_i4, p-value =  0.00140
