
Analysis Description
--------------------
FEL (Fixed Effects Likelihood) estimates site-wise synonymous (&alpha;)
and non-synonymous (&beta;) rates, and uses a likelihood ratio test to
determine if beta &neq; alpha at a site. The estimates aggregate
information over all branches, so the signal is derived from pervasive
diversification or conservation. A subset of branches can be selected
for testing as well, in which case an additional (nuisance) parameter
will be inferred -- the non-synonymous rate on branches NOT selected for
testing. Multiple partitions within a NEXUS file are also supported for
recombination - aware analysis. 

- __Requirements__: in-frame codon alignment and a phylogenetic tree

- __Citation__: Not So Different After All: A Comparison of Methods for Detecting Amino
Acid Sites Under Selection (2005). _Mol Biol Evol_ 22 (5): 1208-1222

- __Written by__: Sergei L Kosakovsky Pond and Simon DW Frost

- __Contact Information__: spond@temple.edu

- __Analysis Version__: 2.1


>code –> Universal

>Loaded a multiple sequence alignment with **15** sequences, **610** codons, and **1** partitions from `/home/oakley/projects/Cypridinidae_Emission/LuciferaseTree_dNds/results/combined_codonaligned.fa`

>branches –> All

>srv –> Yes
Yes

>Select the p-value threshold to use when testing for selection (permissible range = [0,1], default value = 0.1): 
>pvalue –> 0.1


### Branches to include in the FEL analysis
Selected 27 branches to include in FEL calculations: `Vargula_tsujii_sequenced, Maristella_chicoi_cap3, Maristella_sp_SVD_cap3, Maristella_sp_VAD_DN92476_c5_g4_i1, Node10, Maristella_sp_ODH_DN60908_c36_g8_i1, Node9, Node7, Maristella_sp_AG_DN382219_c2_g1_i4, Maristella_sp_IR_DN50846_c6_g1_i1, Node14, Node6, Maristella_sp_SVU_cap3, Node5, Node3, Photeros_morini_cap3, Photeros_annecohenae_DN96747_c10_g3_i3, Node20, Photeros_macelroyi_DN131343_c2_g2_i4, Node19, Photeros_sp_WLU_DN218316_c2_g1_i3, Node18, Node2, Kornickeria_hastingsi_cap3, Node1, Vargula_hilgendorfii_AAA30332, Cypridina_noctiluca_BAD08210`


### Obtaining branch lengths and nucleotide substitution biases under the nucleotide GTR model
* Log(L) = -10086.00, AIC-c = 20242.09 (35 estimated parameters)

### Obtaining the global omega estimate based on relative GTR branch lengths and nucleotide substitution biases
* Log(L) = -9557.47, AIC-c = 19199.34 (42 estimated parameters)
* non-synonymous/synonymous rate ratio for *test* =   0.2353

### Improving branch lengths, nucleotide substitution biases, and global dN/dS ratios under a full codon model
* Log(L) = -9494.76
* non-synonymous/synonymous rate ratio for *test* =   0.1740

### For partition 1 these sites are significant at p <=0.1

|     Codon      |   Partition    |     alpha      |      beta      |      LRT       |Selection detected?|
|:--------------:|:--------------:|:--------------:|:--------------:|:--------------:|:-----------------:|
|       24       |       1        |       14.570   |        0.623   |        7.415   |  Neg. p = 0.0065  |
|       27       |       1        |       20.393   |        0.898   |        4.933   |  Neg. p = 0.0264  |
|       28       |       1        |        4.820   |        0.304   |        7.142   |  Neg. p = 0.0075  |
|       37       |       1        |        2.509   |        0.253   |        4.329   |  Neg. p = 0.0375  |
|       40       |       1        |        4.694   |        0.000   |       15.155   |  Neg. p = 0.0001  |
|       42       |       1        |        2.534   |        0.338   |        3.101   |  Neg. p = 0.0783  |
|       43       |       1        |        0.000   |        1.326   |        4.077   |  Pos. p = 0.0435  |
|       50       |       1        |        3.282   |        0.000   |        3.130   |  Neg. p = 0.0769  |
|       58       |       1        |        0.254   |        0.000   |        2.747   |  Neg. p = 0.0974  |
|       60       |       1        |        1.633   |        0.000   |        9.395   |  Neg. p = 0.0022  |
|       61       |       1        |        0.800   |        0.000   |        3.788   |  Neg. p = 0.0516  |
|       62       |       1        |       11.167   |        0.000   |       17.742   |  Neg. p = 0.0000  |
|       70       |       1        |        3.318   |        0.000   |       10.141   |  Neg. p = 0.0014  |
|       73       |       1        |       17.335   |        0.000   |       21.505   |  Neg. p = 0.0000  |
|       76       |       1        |        0.911   |        0.000   |        4.220   |  Neg. p = 0.0399  |
|      482       |       1        |        0.911   |        0.000   |        4.220   |  Neg. p = 0.0399  |
|       78       |       1        |        5.914   |        0.481   |        2.712   |  Neg. p = 0.0996  |
|       79       |       1        |        2.193   |        0.287   |        3.745   |  Neg. p = 0.0530  |
|       82       |       1        |        2.769   |        0.324   |        3.335   |  Neg. p = 0.0678  |
|       86       |       1        |        1.248   |        0.000   |        4.488   |  Neg. p = 0.0341  |
|       87       |       1        |        3.669   |        0.000   |        4.965   |  Neg. p = 0.0259  |
|       88       |       1        |        0.805   |        0.000   |        4.162   |  Neg. p = 0.0413  |
|       89       |       1        |        3.516   |        0.404   |        3.920   |  Neg. p = 0.0477  |
|       92       |       1        |        4.098   |        0.368   |        8.076   |  Neg. p = 0.0045  |
|       94       |       1        |        1.693   |        0.202   |        2.858   |  Neg. p = 0.0909  |
|       96       |       1        |        1.870   |        0.000   |        7.887   |  Neg. p = 0.0050  |
|       97       |       1        |        3.658   |        0.000   |        9.294   |  Neg. p = 0.0023  |
|      100       |       1        |        3.318   |        0.000   |       12.635   |  Neg. p = 0.0004  |
|      101       |       1        |        0.990   |        0.091   |        3.754   |  Neg. p = 0.0527  |
|      103       |       1        |        1.376   |        0.254   |        2.823   |  Neg. p = 0.0929  |
|      105       |       1        |        5.295   |        0.327   |        8.255   |  Neg. p = 0.0041  |
|      107       |       1        |        0.680   |        0.000   |        4.119   |  Neg. p = 0.0424  |
|      112       |       1        |        1.261   |        0.000   |        7.132   |  Neg. p = 0.0076  |
|      114       |       1        |        5.185   |        0.000   |       10.324   |  Neg. p = 0.0013  |
|      116       |       1        |        1.821   |        0.000   |       10.809   |  Neg. p = 0.0010  |
|      117       |       1        |        7.991   |        0.000   |       20.228   |  Neg. p = 0.0000  |
|      118       |       1        |        1.098   |        0.000   |        4.656   |  Neg. p = 0.0309  |
|      119       |       1        |        2.044   |        0.000   |       10.619   |  Neg. p = 0.0011  |
|      122       |       1        |        0.785   |        0.000   |        4.406   |  Neg. p = 0.0358  |
|      124       |       1        |        5.121   |        0.233   |       10.207   |  Neg. p = 0.0014  |
|      127       |       1        |        0.686   |        0.000   |        6.323   |  Neg. p = 0.0119  |
|      128       |       1        |        1.388   |        0.000   |        8.347   |  Neg. p = 0.0039  |
|      130       |       1        |        0.911   |        0.000   |        3.892   |  Neg. p = 0.0485  |
|      132       |       1        |        3.129   |        0.000   |       16.563   |  Neg. p = 0.0000  |
|      136       |       1        |        2.691   |        0.253   |        3.547   |  Neg. p = 0.0597  |
|      137       |       1        |        1.882   |        0.280   |        3.401   |  Neg. p = 0.0651  |
|      138       |       1        |        5.868   |        0.000   |       15.326   |  Neg. p = 0.0001  |
|      139       |       1        |        0.607   |        0.000   |        4.899   |  Neg. p = 0.0269  |
|      140       |       1        |        2.056   |        0.307   |        3.899   |  Neg. p = 0.0483  |
|      143       |       1        |        1.818   |        0.132   |        5.621   |  Neg. p = 0.0177  |
|      144       |       1        |        5.241   |        0.348   |        3.248   |  Neg. p = 0.0715  |
|      146       |       1        |        7.140   |        0.219   |        5.454   |  Neg. p = 0.0195  |
|      153       |       1        |        4.502   |        0.591   |        3.624   |  Neg. p = 0.0569  |
|      154       |       1        |        1.467   |        0.000   |        7.731   |  Neg. p = 0.0054  |
|      156       |       1        |        0.325   |        0.000   |        2.726   |  Neg. p = 0.0987  |
|      158       |       1        |        0.583   |        0.000   |        4.956   |  Neg. p = 0.0260  |
|      159       |       1        |        7.121   |        0.693   |        3.738   |  Neg. p = 0.0532  |
|      164       |       1        |      312.754   |        0.000   |        3.788   |  Neg. p = 0.0516  |
|      166       |       1        |        1.276   |        0.127   |        3.156   |  Neg. p = 0.0756  |
|      169       |       1        |        1.600   |        0.145   |        4.037   |  Neg. p = 0.0445  |
|      170       |       1        |        0.972   |        0.000   |        3.383   |  Neg. p = 0.0659  |
|      171       |       1        |        4.499   |        0.433   |        5.643   |  Neg. p = 0.0175  |
|      172       |       1        |        0.515   |        0.000   |        3.556   |  Neg. p = 0.0593  |
|      257       |       1        |        0.515   |        0.000   |        3.556   |  Neg. p = 0.0593  |
|      173       |       1        |        0.411   |        0.000   |        3.126   |  Neg. p = 0.0771  |
|      175       |       1        |        2.501   |        0.000   |       11.512   |  Neg. p = 0.0007  |
|      182       |       1        |        2.039   |        0.322   |        3.118   |  Neg. p = 0.0774  |
|      183       |       1        |        1.265   |        0.000   |        7.652   |  Neg. p = 0.0057  |
|      184       |       1        |        1.181   |        0.000   |        7.682   |  Neg. p = 0.0056  |
|      192       |       1        |        1.854   |        0.195   |        3.289   |  Neg. p = 0.0698  |
|      193       |       1        |        4.464   |        0.000   |       10.649   |  Neg. p = 0.0011  |
|      194       |       1        |        1.605   |        0.000   |       12.602   |  Neg. p = 0.0004  |
|      197       |       1        |        1.850   |        0.000   |       10.283   |  Neg. p = 0.0013  |
|      198       |       1        |        0.337   |        0.000   |        2.749   |  Neg. p = 0.0973  |
|      201       |       1        |        0.573   |        0.000   |        5.480   |  Neg. p = 0.0192  |
|      202       |       1        |        1.416   |        0.000   |        7.102   |  Neg. p = 0.0077  |
|      208       |       1        |        0.741   |        0.000   |        6.674   |  Neg. p = 0.0098  |
|      209       |       1        |        0.000   |        0.862   |        4.158   |  Pos. p = 0.0414  |
|      210       |       1        |        1.961   |        0.109   |        5.829   |  Neg. p = 0.0158  |
|      213       |       1        |        2.268   |        0.253   |        5.547   |  Neg. p = 0.0185  |
|      214       |       1        |        1.074   |        0.000   |        6.872   |  Neg. p = 0.0088  |
|      215       |       1        |        1.695   |        0.000   |       10.581   |  Neg. p = 0.0011  |
|      216       |       1        |        1.125   |        0.000   |        6.977   |  Neg. p = 0.0083  |
|      217       |       1        |        1.783   |        0.000   |        7.548   |  Neg. p = 0.0060  |
|      219       |       1        |        1.588   |        0.102   |        4.588   |  Neg. p = 0.0322  |
|      223       |       1        |        3.282   |        0.118   |        4.866   |  Neg. p = 0.0274  |
|      225       |       1        |        0.359   |        0.000   |        3.002   |  Neg. p = 0.0832  |
|      228       |       1        |        0.388   |        0.000   |        2.983   |  Neg. p = 0.0841  |
|      231       |       1        |        1.844   |        0.137   |        4.138   |  Neg. p = 0.0419  |
|      232       |       1        |        0.513   |        0.000   |        4.353   |  Neg. p = 0.0369  |
|      233       |       1        |        2.343   |        0.125   |        7.401   |  Neg. p = 0.0065  |
|      234       |       1        |        0.337   |        0.000   |        2.843   |  Neg. p = 0.0918  |
|      235       |       1        |        0.300   |        0.000   |        2.941   |  Neg. p = 0.0864  |
|      236       |       1        |        2.007   |        0.000   |        8.243   |  Neg. p = 0.0041  |
|      241       |       1        |        2.943   |        0.112   |        5.668   |  Neg. p = 0.0173  |
|      245       |       1        |        8.012   |        0.000   |       17.108   |  Neg. p = 0.0000  |
|      247       |       1        |        2.127   |        0.000   |        4.884   |  Neg. p = 0.0271  |
|      248       |       1        |        1.806   |        0.000   |       10.532   |  Neg. p = 0.0012  |
|      251       |       1        |        6.419   |        0.186   |        2.739   |  Neg. p = 0.0979  |
|      258       |       1        |        0.911   |        0.000   |        4.209   |  Neg. p = 0.0402  |
|      264       |       1        |        5.829   |        0.000   |       15.287   |  Neg. p = 0.0001  |
|      265       |       1        |        1.052   |        0.000   |        8.008   |  Neg. p = 0.0047  |
|      266       |       1        |        1.213   |        0.105   |        4.399   |  Neg. p = 0.0360  |
|      268       |       1        |        5.867   |        0.094   |        8.476   |  Neg. p = 0.0036  |
|      272       |       1        |        3.841   |        0.085   |        5.784   |  Neg. p = 0.0162  |
|      277       |       1        |        0.703   |        0.000   |        5.090   |  Neg. p = 0.0241  |
|      278       |       1        |        4.107   |        0.000   |       15.152   |  Neg. p = 0.0001  |
|      279       |       1        |        0.305   |        0.000   |        2.944   |  Neg. p = 0.0862  |
|      280       |       1        |        0.954   |        0.125   |        3.381   |  Neg. p = 0.0659  |
|      282       |       1        |        0.394   |        0.000   |        2.835   |  Neg. p = 0.0923  |
|      283       |       1        |        0.730   |        0.000   |        4.102   |  Neg. p = 0.0428  |
|      284       |       1        |        0.319   |        0.000   |        3.076   |  Neg. p = 0.0794  |
|      286       |       1        |        2.039   |        0.000   |        9.410   |  Neg. p = 0.0022  |
|      288       |       1        |       24.908   |        0.108   |       15.952   |  Neg. p = 0.0001  |
|      289       |       1        |        0.515   |        0.000   |        3.096   |  Neg. p = 0.0785  |
|      293       |       1        |        5.447   |        0.602   |        4.481   |  Neg. p = 0.0343  |
|      296       |       1        |        0.282   |        0.000   |        2.890   |  Neg. p = 0.0891  |
|      301       |       1        |        2.060   |        0.000   |        8.689   |  Neg. p = 0.0032  |
|      536       |       1        |        2.060   |        0.000   |        8.689   |  Neg. p = 0.0032  |
|      302       |       1        |        5.430   |        0.752   |        4.729   |  Neg. p = 0.0297  |
|      308       |       1        |        1.339   |        0.098   |        3.807   |  Neg. p = 0.0510  |
|      309       |       1        |        0.492   |        0.000   |        3.398   |  Neg. p = 0.0653  |
|      312       |       1        |        0.493   |        0.000   |        2.944   |  Neg. p = 0.0862  |
|      316       |       1        |        1.775   |        0.000   |        8.740   |  Neg. p = 0.0031  |
|      319       |       1        |        1.024   |        0.000   |        7.885   |  Neg. p = 0.0050  |
|      321       |       1        |        1.258   |        0.000   |        4.346   |  Neg. p = 0.0371  |
|      323       |       1        |        1.552   |        0.000   |       10.291   |  Neg. p = 0.0013  |
|      326       |       1        |        4.523   |        0.102   |        9.951   |  Neg. p = 0.0016  |
|      327       |       1        |        0.507   |        0.000   |        3.675   |  Neg. p = 0.0552  |
|      328       |       1        |        2.988   |        0.267   |        6.898   |  Neg. p = 0.0086  |
|      330       |       1        |        1.175   |        0.095   |        2.738   |  Neg. p = 0.0980  |
|      331       |       1        |        0.956   |        0.000   |        5.763   |  Neg. p = 0.0164  |
|      332       |       1        |        2.704   |        0.400   |        3.769   |  Neg. p = 0.0522  |
|      335       |       1        |        3.844   |        0.000   |       12.608   |  Neg. p = 0.0004  |
|      337       |       1        |        0.629   |        0.000   |        3.812   |  Neg. p = 0.0509  |
|      338       |       1        |        2.085   |        0.101   |        8.579   |  Neg. p = 0.0034  |
|      339       |       1        |        9.305   |        0.000   |       13.251   |  Neg. p = 0.0003  |
|      342       |       1        |        2.256   |        0.000   |       13.843   |  Neg. p = 0.0002  |
|      344       |       1        |        3.145   |        0.367   |        4.887   |  Neg. p = 0.0271  |
|      347       |       1        |        0.921   |        0.000   |        6.776   |  Neg. p = 0.0092  |
|      348       |       1        |        2.384   |        0.000   |        9.716   |  Neg. p = 0.0018  |
|      349       |       1        |        0.829   |        0.000   |        5.631   |  Neg. p = 0.0177  |
|      350       |       1        |        2.991   |        0.091   |        3.766   |  Neg. p = 0.0523  |
|      353       |       1        |        0.463   |        0.000   |        3.806   |  Neg. p = 0.0511  |
|      468       |       1        |        0.463   |        0.000   |        3.806   |  Neg. p = 0.0511  |
|      354       |       1        |        2.881   |        0.000   |       14.108   |  Neg. p = 0.0002  |
|      356       |       1        |        4.212   |        0.000   |       12.699   |  Neg. p = 0.0004  |
|      357       |       1        |        3.637   |        0.000   |       13.654   |  Neg. p = 0.0002  |
|      359       |       1        |        1.882   |        0.000   |        8.082   |  Neg. p = 0.0045  |
|      365       |       1        |        3.520   |        0.000   |       11.342   |  Neg. p = 0.0008  |
|      366       |       1        |        1.767   |        0.111   |        3.759   |  Neg. p = 0.0525  |
|      368       |       1        |        2.024   |        0.277   |        4.018   |  Neg. p = 0.0450  |
|      369       |       1        |        1.402   |        0.000   |        8.959   |  Neg. p = 0.0028  |
|      370       |       1        |        7.431   |        0.000   |        8.957   |  Neg. p = 0.0028  |
|      374       |       1        |        0.905   |        0.126   |        2.822   |  Neg. p = 0.0930  |
|      375       |       1        |        8.718   |        0.199   |        6.165   |  Neg. p = 0.0130  |
|      376       |       1        |        3.336   |        0.111   |        6.330   |  Neg. p = 0.0119  |
|      377       |       1        |        2.071   |        0.220   |        3.215   |  Neg. p = 0.0730  |
|      378       |       1        |        0.475   |        0.000   |        3.512   |  Neg. p = 0.0609  |
|      379       |       1        |        1.523   |        0.000   |        7.427   |  Neg. p = 0.0064  |
|      382       |       1        |        2.787   |        0.094   |        6.639   |  Neg. p = 0.0100  |
|      386       |       1        |        0.856   |        0.000   |        5.263   |  Neg. p = 0.0218  |
|      387       |       1        |        3.293   |        0.227   |        7.141   |  Neg. p = 0.0075  |
|      396       |       1        |        1.170   |        0.000   |        4.892   |  Neg. p = 0.0270  |
|      550       |       1        |        1.170   |        0.000   |        4.892   |  Neg. p = 0.0270  |
|      397       |       1        |        0.358   |        0.000   |        3.056   |  Neg. p = 0.0805  |
|      398       |       1        |        3.230   |        0.107   |        6.174   |  Neg. p = 0.0130  |
|      400       |       1        |        9.791   |        0.102   |        7.235   |  Neg. p = 0.0071  |
|      401       |       1        |        0.484   |        0.000   |        3.590   |  Neg. p = 0.0581  |
|      402       |       1        |        0.549   |        0.000   |        4.378   |  Neg. p = 0.0364  |
|      403       |       1        |        1.423   |        0.107   |        4.732   |  Neg. p = 0.0296  |
|      405       |       1        |        0.413   |        0.000   |        4.253   |  Neg. p = 0.0392  |
|      407       |       1        |        7.059   |        0.255   |       11.021   |  Neg. p = 0.0009  |
|      409       |       1        |        1.674   |        0.000   |       11.781   |  Neg. p = 0.0006  |
|      412       |       1        |        3.780   |        0.105   |        6.524   |  Neg. p = 0.0106  |
|      413       |       1        |        1.058   |        0.000   |        7.461   |  Neg. p = 0.0063  |
|      416       |       1        |        1.603   |        0.104   |        3.052   |  Neg. p = 0.0806  |
|      418       |       1        |        2.091   |        0.212   |        3.813   |  Neg. p = 0.0509  |
|      419       |       1        |        5.094   |        0.093   |        7.413   |  Neg. p = 0.0065  |
|      422       |       1        |        2.053   |        0.000   |        9.557   |  Neg. p = 0.0020  |
|      425       |       1        |        3.119   |        0.515   |        3.677   |  Neg. p = 0.0552  |
|      427       |       1        |        1.381   |        0.000   |        7.786   |  Neg. p = 0.0053  |
|      428       |       1        |        3.639   |        0.217   |        6.975   |  Neg. p = 0.0083  |
|      430       |       1        |        0.787   |        0.000   |        6.973   |  Neg. p = 0.0083  |
|      435       |       1        |        2.843   |        0.095   |        7.250   |  Neg. p = 0.0071  |
|      436       |       1        |        0.761   |        0.000   |        6.410   |  Neg. p = 0.0113  |
|      437       |       1        |        0.411   |        0.000   |        3.166   |  Neg. p = 0.0752  |
|      438       |       1        |        1.473   |        0.099   |        3.990   |  Neg. p = 0.0458  |
|      441       |       1        |        2.648   |        0.257   |        3.985   |  Neg. p = 0.0459  |
|      442       |       1        |        1.433   |        0.101   |        2.783   |  Neg. p = 0.0952  |
|      443       |       1        |       45.529   |        0.000   |        2.985   |  Neg. p = 0.0841  |
|      444       |       1        |        1.338   |        0.089   |        4.131   |  Neg. p = 0.0421  |
|      445       |       1        |        2.489   |        0.150   |        6.047   |  Neg. p = 0.0139  |
|      447       |       1        |        1.963   |        0.000   |       12.613   |  Neg. p = 0.0004  |
|      448       |       1        |        0.868   |        0.000   |        6.790   |  Neg. p = 0.0092  |
|      449       |       1        |        0.607   |        0.000   |        5.231   |  Neg. p = 0.0222  |
|      452       |       1        |        0.309   |        0.000   |        3.090   |  Neg. p = 0.0788  |
|      454       |       1        |        0.309   |        0.000   |        2.754   |  Neg. p = 0.0970  |
|      456       |       1        |        0.662   |        0.000   |        4.201   |  Neg. p = 0.0404  |
|      457       |       1        |        2.247   |        0.000   |       12.274   |  Neg. p = 0.0005  |
|      458       |       1        |        0.629   |        0.000   |        3.998   |  Neg. p = 0.0456  |
|      460       |       1        |        0.492   |        0.000   |        3.754   |  Neg. p = 0.0527  |
|      461       |       1        |        2.386   |        0.000   |        9.731   |  Neg. p = 0.0018  |
|      463       |       1        |        2.553   |        0.000   |       11.454   |  Neg. p = 0.0007  |
|      465       |       1        |        2.130   |        0.000   |        9.494   |  Neg. p = 0.0021  |
|      469       |       1        |        4.041   |        0.000   |       17.625   |  Neg. p = 0.0000  |
|      472       |       1        |        0.255   |        0.000   |        2.753   |  Neg. p = 0.0971  |
|      474       |       1        |        4.345   |        0.103   |        6.978   |  Neg. p = 0.0083  |
|      479       |       1        |        0.516   |        0.000   |        3.416   |  Neg. p = 0.0646  |
|      480       |       1        |        0.999   |        0.000   |        6.288   |  Neg. p = 0.0122  |
|      481       |       1        |        4.268   |        0.147   |        9.639   |  Neg. p = 0.0019  |
|      483       |       1        |        0.358   |        0.000   |        2.745   |  Neg. p = 0.0976  |
|      485       |       1        |    10000.000   |        0.271   |        3.573   |  Neg. p = 0.0587  |
|      488       |       1        |        0.911   |        0.000   |        4.360   |  Neg. p = 0.0368  |
|      492       |       1        |       19.347   |        0.099   |        9.732   |  Neg. p = 0.0018  |
|      495       |       1        |        2.622   |        0.215   |        4.097   |  Neg. p = 0.0430  |
|      500       |       1        |        4.786   |        0.227   |        5.076   |  Neg. p = 0.0243  |
|      501       |       1        |        1.098   |        0.000   |        5.025   |  Neg. p = 0.0250  |
|      504       |       1        |        0.411   |        0.000   |        3.487   |  Neg. p = 0.0619  |
|      507       |       1        |        0.644   |        0.000   |        6.064   |  Neg. p = 0.0138  |
|      508       |       1        |        3.514   |        0.085   |        6.745   |  Neg. p = 0.0094  |
|      510       |       1        |        3.634   |        0.000   |       13.632   |  Neg. p = 0.0002  |
|      512       |       1        |        3.900   |        0.119   |        7.750   |  Neg. p = 0.0054  |
|      515       |       1        |        2.528   |        0.100   |        6.780   |  Neg. p = 0.0092  |
|      516       |       1        |        1.539   |        0.102   |        4.173   |  Neg. p = 0.0411  |
|      518       |       1        |        2.545   |        0.000   |       12.823   |  Neg. p = 0.0003  |
|      519       |       1        |        2.527   |        0.200   |        6.119   |  Neg. p = 0.0134  |
|      521       |       1        |        1.104   |        0.000   |        8.788   |  Neg. p = 0.0030  |
|      522       |       1        |        2.728   |        0.000   |       11.071   |  Neg. p = 0.0009  |
|      525       |       1        |        3.478   |        0.092   |        5.315   |  Neg. p = 0.0211  |
|      526       |       1        |        3.102   |        0.000   |        9.091   |  Neg. p = 0.0026  |
|      533       |       1        |        4.140   |        0.000   |       15.575   |  Neg. p = 0.0001  |
|      543       |       1        |        0.471   |        0.000   |        3.502   |  Neg. p = 0.0613  |
|      544       |       1        |        1.138   |        0.000   |        8.085   |  Neg. p = 0.0045  |
|      547       |       1        |        0.704   |        0.000   |        6.417   |  Neg. p = 0.0113  |
|      548       |       1        |        4.421   |        0.000   |       14.297   |  Neg. p = 0.0002  |
|      552       |       1        |        6.079   |        0.000   |       11.098   |  Neg. p = 0.0009  |
|      553       |       1        |        0.792   |        0.000   |        3.670   |  Neg. p = 0.0554  |
|      558       |       1        |        5.340   |        0.227   |        2.985   |  Neg. p = 0.0841  |
|      559       |       1        |        6.702   |        1.109   |        3.016   |  Neg. p = 0.0825  |
|      561       |       1        |        0.733   |        0.000   |        3.732   |  Neg. p = 0.0534  |
|      563       |       1        |        4.417   |        0.000   |       16.009   |  Neg. p = 0.0001  |
|      564       |       1        |        1.501   |        0.000   |        7.217   |  Neg. p = 0.0072  |
|      570       |       1        |       11.033   |        0.000   |       15.061   |  Neg. p = 0.0001  |
|      571       |       1        |        0.532   |        0.000   |        3.414   |  Neg. p = 0.0647  |
|      574       |       1        |        1.958   |        0.091   |        5.655   |  Neg. p = 0.0174  |
|      575       |       1        |        1.124   |        0.000   |        7.871   |  Neg. p = 0.0050  |
|      577       |       1        |        0.676   |        0.000   |        3.888   |  Neg. p = 0.0486  |
|      578       |       1        |        3.073   |        0.218   |        5.899   |  Neg. p = 0.0151  |
|      580       |       1        |        7.532   |        0.214   |        8.512   |  Neg. p = 0.0035  |
|      582       |       1        |        2.505   |        0.000   |       10.947   |  Neg. p = 0.0009  |
|      585       |       1        |        2.575   |        0.000   |       10.108   |  Neg. p = 0.0015  |

### ** Found _2_ sites under pervasive positive diversifying and _250_ sites under negative selection at p <= 0.1**
