
Analysis Description
--------------------
MEME (Mixed Effects Model of Evolution) estimates a site-wise synonymous
(&alpha;) and a two-category mixture of non-synonymous (&beta;-, with
proportion p-, and &beta;+ with proportion [1-p-]) rates, and uses a
likelihood ratio test to determine if &beta;+ > &alpha; at a site. The
estimates aggregate information over a proportion of branches at a site,
so the signal is derived from episodic diversification, which is a
combination of strength of selection [effect size] and the proportion of
the tree affected. A subset of branches can be selected for testing as
well, in which case an additional (nuisance) parameter will be inferred
-- the non-synonymous rate on branches NOT selected for testing.
Multiple partitions within a NEXUS file are also supported for
recombination - aware analysis. 

- __Requirements__: in-frame codon alignment and a phylogenetic tree

- __Citation__: Detecting Individual Sites Subject to Episodic Diversifying Selection.
_PLoS Genet_ 8(7): e1002764.

- __Written by__: Sergei L. Kosakovsky Pond, Steven Weaver

- __Contact Information__: spond@temple.edu

- __Analysis Version__: 2.1.1


>code –> Universal

>Loaded a multiple sequence alignment with **14** sequences, **610** codons, and **1** partitions from `/home/oakley/projects/Cypridinidae_Emission/LuciferaseTree_dNds/results/combined_codonaligned.fa`

>branches –> All

>Select the p-value threshold to use when testing for selection (permissible range = [0,1], default value = 0.1): 
>pvalue –> 0.1


### Branches to include in the MEME analysis
Selected 25 branches to include in the MEME analysis: `Vargula_hilgendorfii_AAA30332, Cypridina_noctiluca_BAD08210, Kornickeria_hastingsi_cap3, Maristella_chicoi_cap3, Maristella_sp_SVD_cap3, Maristella_sp_VAD_DN92476_c5_g4_i1, Node11, Maristella_sp_ODH_DN60908_c36_g8_i1, Node10, Node8, Maristella_sp_AG_DN382219_c2_g1_i4, Maristella_sp_IR_DN50846_c6_g1_i1, Node15, Node7, Maristella_sp_SVU_cap3, Node6, Photeros_morini_cap3, Photeros_annecohenae_DN96747_c10_g3_i3, Node21, Photeros_macelroyi_DN131343_c2_g2_i4, Node20, Photeros_sp_WLU_DN218316_c2_g1_i3, Node19, Node5, Node3`


### Obtaining branch lengths and nucleotide substitution biases under the nucleotide GTR model
* Log(L) = -9663.10, AIC-c = 19392.29 (33 estimated parameters)

### Obtaining the global omega estimate based on relative GTR branch lengths and nucleotide substitution biases
* Log(L) = -9167.34, AIC-c = 18415.06 (40 estimated parameters)
* non-synonymous/synonymous rate ratio for *test* =   0.2395

### Improving branch lengths, nucleotide substitution biases, and global dN/dS ratios under a full codon model
* Log(L) = -9110.44
* non-synonymous/synonymous rate ratio for *test* =   0.1779

### For partition 1 these sites are significant at p <=0.1

|   Codon    | Partition  |   alpha    |   beta+    |     p+     |    LRT     |Episodic selection detected?| # branches |
|:----------:|:----------:|:----------:|:----------:|:----------:|:----------:|:--------------------------:|:----------:|
|     93     |     1      |    0.000   |  690.514   |    0.169   |   10.352   |      Yes, p =  0.0025      |     3      |
|    102     |     1      |    0.000   |   85.776   |    0.091   |    3.392   |      Yes, p =  0.0869      |     2      |
|    142     |     1      |    0.000   |   18.606   |    0.061   |   11.134   |      Yes, p =  0.0017      |     1      |
|    160     |     1      |    0.000   |    1.804   |    0.161   |    3.882   |      Yes, p =  0.0673      |     1      |
|    177     |     1      |    0.000   |   12.184   |    0.364   |    6.091   |      Yes, p =  0.0215      |     1      |
|    211     |     1      |    1.780   |   54.095   |    0.122   |    6.806   |      Yes, p =  0.0149      |     1      |
|    240     |     1      |    0.000   |   20.857   |    0.122   |    3.366   |      Yes, p =  0.0881      |     2      |
|    261     |     1      |    0.082   |  151.227   |    0.044   |   13.083   |      Yes, p =  0.0006      |     1      |
|    285     |     1      |    0.000   |    4.058   |    0.107   |    6.498   |      Yes, p =  0.0175      |     1      |
|    291     |     1      |    0.000   |   12.439   |    0.225   |    3.511   |      Yes, p =  0.0816      |     0      |
|    320     |     1      |    0.000   |    2.307   |    0.156   |    4.224   |      Yes, p =  0.0563      |     1      |
|    371     |     1      |    0.000   |   11.782   |    0.064   |    3.146   |      Yes, p =  0.0989      |     1      |
|    389     |     1      |    0.302   |  121.003   |    0.049   |   11.753   |      Yes, p =  0.0012      |     1      |
|    477     |     1      |    0.462   |    7.102   |    0.083   |    3.175   |      Yes, p =  0.0974      |     1      |
|    581     |     1      |    0.000   |    8.124   |    0.182   |    3.677   |      Yes, p =  0.0749      |     2      |

### ** Found _15_ sites under episodic diversifying positive selection at p <= 0.1**
